Determining if the pthread_create exist failed with the following output:
Change Dir: /home/neil/Desktop/ROS-tutorial/build/CMakeFiles/CMakeTmp

Run Build Command:"/usr/bin/make" "cmTC_aa06e/fast"
/usr/bin/make -f CMakeFiles/cmTC_aa06e.dir/build.make CMakeFiles/cmTC_aa06e.dir/build
make[1]: Entering directory '/home/neil/Desktop/ROS-tutorial/build/CMakeFiles/CMakeTmp'
Building C object CMakeFiles/cmTC_aa06e.dir/CheckSymbolExists.c.o
/usr/bin/cc    -o CMakeFiles/cmTC_aa06e.dir/CheckSymbolExists.c.o   -c /home/neil/Desktop/ROS-tutorial/build/CMakeFiles/CMakeTmp/CheckSymbolExists.c
Linking C executable cmTC_aa06e
/usr/bin/cmake -E cmake_link_script CMakeFiles/cmTC_aa06e.dir/link.txt --verbose=1
/usr/bin/cc      -rdynamic CMakeFiles/cmTC_aa06e.dir/CheckSymbolExists.c.o  -o cmTC_aa06e 
CMakeFiles/cmTC_aa06e.dir/CheckSymbolExists.c.o: In function `main':
CheckSymbolExists.c:(.text+0x1b): undefined reference to `pthread_create'
collect2: error: ld returned 1 exit status
CMakeFiles/cmTC_aa06e.dir/build.make:97: recipe for target 'cmTC_aa06e' failed
make[1]: *** [cmTC_aa06e] Error 1
make[1]: Leaving directory '/home/neil/Desktop/ROS-tutorial/build/CMakeFiles/CMakeTmp'
Makefile:126: recipe for target 'cmTC_aa06e/fast' failed
make: *** [cmTC_aa06e/fast] Error 2

File /home/neil/Desktop/ROS-tutorial/build/CMakeFiles/CMakeTmp/CheckSymbolExists.c:
/* */
#include <pthread.h>

int main(int argc, char** argv)
{
  (void)argv;
#ifndef pthread_create
  return ((int*)(&pthread_create))[argc];
#else
  (void)argc;
  return 0;
#endif
}

Determining if the function pthread_create exists in the pthreads failed with the following output:
Change Dir: /home/neil/Desktop/ROS-tutorial/build/CMakeFiles/CMakeTmp

Run Build Command:"/usr/bin/make" "cmTC_b9b8d/fast"
/usr/bin/make -f CMakeFiles/cmTC_b9b8d.dir/build.make CMakeFiles/cmTC_b9b8d.dir/build
make[1]: Entering directory '/home/neil/Desktop/ROS-tutorial/build/CMakeFiles/CMakeTmp'
Building C object CMakeFiles/cmTC_b9b8d.dir/CheckFunctionExists.c.o
/usr/bin/cc   -DCHECK_FUNCTION_EXISTS=pthread_create   -o CMakeFiles/cmTC_b9b8d.dir/CheckFunctionExists.c.o   -c /usr/share/cmake-3.10/Modules/CheckFunctionExists.c
Linking C executable cmTC_b9b8d
/usr/bin/cmake -E cmake_link_script CMakeFiles/cmTC_b9b8d.dir/link.txt --verbose=1
/usr/bin/cc  -DCHECK_FUNCTION_EXISTS=pthread_create    -rdynamic CMakeFiles/cmTC_b9b8d.dir/CheckFunctionExists.c.o  -o cmTC_b9b8d -lpthreads 
/usr/bin/ld: cannot find -lpthreads
collect2: error: ld returned 1 exit status
CMakeFiles/cmTC_b9b8d.dir/build.make:97: recipe for target 'cmTC_b9b8d' failed
make[1]: *** [cmTC_b9b8d] Error 1
make[1]: Leaving directory '/home/neil/Desktop/ROS-tutorial/build/CMakeFiles/CMakeTmp'
Makefile:126: recipe for target 'cmTC_b9b8d/fast' failed
make: *** [cmTC_b9b8d/fast] Error 2


